==706227== Memcheck, a memory error detector
==706227== Copyright (C) 2002-2017, and GNU GPL'd, by Julian Seward et al.
==706227== Using Valgrind-3.18.1 and LibVEX; rerun with -h for copyright info
==706227== Command: ./a.out --color=always
==706227== Parent PID: 705220
==706227== 
==706227== 
==706227== Process terminating with default action of signal 11 (SIGSEGV)
==706227==  General Protection Fault
==706227==    at 0x4A11EC2: __pthread_once_slow (pthread_once.c:114)
==706227==    by 0x4AE08C2: __rpc_thread_variables (rpc_thread.c:59)
==706227==    by 0x4B33C0C: free_mem (in /usr/lib/x86_64-linux-gnu/libc.so.6)
==706227==    by 0x4B33741: __libc_freeres (in /usr/lib/x86_64-linux-gnu/libc.so.6)
==706227==    by 0x483F1B2: _vgnU_freeres (in /usr/libexec/valgrind/vgpreload_core-amd64-linux.so)
==706227==    by 0x5A53C7: ???
==706227==    by 0x4B6AB3: __sanitizer::Die() (in /home/tessaadi/Desktop/projects/test/a.out)
==706227==    by 0x4A2961: __asan::InitializeShadowMemory() (in /home/tessaadi/Desktop/projects/test/a.out)
==706227==    by 0x4A1E9C: __asan::AsanInitInternal() (in /home/tessaadi/Desktop/projects/test/a.out)
==706227==    by 0x40065BD: _dl_init (dl-init.c:102)
==706227==    by 0x40202C9: ??? (in /usr/lib/x86_64-linux-gnu/ld-linux-x86-64.so.2)
==706227==    by 0x1: ???
==706227== 
==706227== HEAP SUMMARY:
==706227==     in use at exit: 0 bytes in 0 blocks
==706227==   total heap usage: 32 allocs, 32 frees, 1,065 bytes allocated
==706227== 
==706227== All heap blocks were freed -- no leaks are possible
==706227== 
==706227== For lists of detected and suppressed errors, rerun with: -s
==706227== ERROR SUMMARY: 0 errors from 0 contexts (suppressed: 0 from 0)
